#
# A fatal error has been detected by the Java Runtime Environment:
#
#  EXCEPTION_ACCESS_VIOLATION (0xc0000005) at pc=0x00007ffb416226c4, pid=16496, tid=4936
#
# JRE version: Java(TM) SE Runtime Environment (24.0.1+9) (build 24.0.1+9-30)
# Java VM: Java HotSpot(TM) 64-Bit Server VM (24.0.1+9-30, mixed mode, sharing, tiered, compressed oops, compressed class ptrs, g1 gc, windows-amd64)
# Problematic frame:
# C  [libasyncProfiler.dll+0x926c4]
#
# No core dump will be written. Minidumps are not enabled by default on client versions of Windows
#
# JFR recording file will be written. Location: C:\Users\garci\IdeaProjects\POS\hs_err_pid16496.jfr
#
# If you would like to submit a bug report, please visit:
#   https://bugreport.java.com/bugreport/crash.jsp
# The crash happened outside the Java Virtual Machine in native code.
# See problematic frame for where to report the bug.
#

---------------  S U M M A R Y ------------

Command Line: -javaagent:C:\Program Files\JetBrains\IntelliJ IDEA 2025.1.1.1\lib\idea_rt.jar=54678 -Dfile.encoding=UTF-8 -Dsun.stdout.encoding=UTF-8 -Dsun.stderr.encoding=UTF-8 vista.MainFrame

Host: AMD Ryzen 3 3200U with Radeon Vega Mobile Gfx  , 4 cores, 5G,  Windows 11 , 64 bit Build 26100 (10.0.26100.3912)
Time: Fri May  9 17:28:49 2025 Hora estándar central (México) elapsed time: 153.703289 seconds (0d 0h 2m 33s)

---------------  T H R E A D  ---------------

Current thread (0x000002bba55329c0):  JavaThread "Attach Listener" daemon [_thread_in_native, id=4936, stack(0x000000c609800000,0x000000c609900000) (1024K)]

Stack: [0x000000c609800000,0x000000c609900000],  sp=0x000000c6098fef40,  free space=1019k
Native frames: (J=compiled Java code, j=interpreted, Vv=VM code, C=native code)
C  [libasyncProfiler.dll+0x926c4]  (no source info available)
C  [libasyncProfiler.dll+0x92b9b]  (no source info available)
C  [libasyncProfiler.dll+0x917f4]  (no source info available)
C  [libasyncProfiler.dll+0x9206a]  (no source info available)
C  [libasyncProfiler.dll+0x8cc21]  (no source info available)
C  [libasyncProfiler.dll+0x7e5e1]  (no source info available)
C  [libasyncProfiler.dll+0x7d2f8]  (no source info available)
C  [libasyncProfiler.dll+0x7d1e0]  (no source info available)
C  [libasyncProfiler.dll+0x841b9]  (no source info available)
V  [jvm.dll+0x57eff7]  (no source info available)
V  [jvm.dll+0x57fdac]  (no source info available)
V  [jvm.dll+0x14ca17]  (no source info available)
V  [jvm.dll+0x14dfe1]  (no source info available)
V  [jvm.dll+0x42f456]  (no source info available)
V  [jvm.dll+0x87d76b]  (no source info available)
V  [jvm.dll+0x72ee55]  (no source info available)
C  [ucrtbase.dll+0x37b0]  (no source info available)
C  [KERNEL32.DLL+0x2e8d7]  (no source info available)
C  [ntdll.dll+0x9c5dc]  (no source info available)


siginfo: EXCEPTION_ACCESS_VIOLATION (0xc0000005), reading address 0xffffffffffffffff


Registers:
RAX=0x0000000000000010, RBX=0x0000000000000000, RCX=0xffffffffffffffff, RDX=0x007ffb44b4301010
RSP=0x000000c6098fef40, RBP=0x000002bbec215d30, RSI=0x000000c6098ff0b0, RDI=0x000002bbec215d30
R8 =0x0000000000000042, R9 =0x00000000a1e14000, R10=0x00007ffb44db9fb0, R11=0x0000000000000012
R12=0x000000c6098ff0b0, R13=0x000002bbec1dc970, R14=0x000002bba5532d88, R15=0x000002bba5532d88
RIP=0x00007ffb416226c4, EFLAGS=0x0000000000010202

XMM[0]=0x0000000000000000 0x0000000000000000
XMM[1]=0x0000000000000000 0x0000000000000000
XMM[2]=0x0000000000000000 0x0000000000000000
XMM[3]=0x0000000000000000 0x0000000000000000
XMM[4]=0x0000000000000000 0x0000000000000000
XMM[5]=0x0000000000000000 0x0000000000000000
XMM[6]=0x0000000000000000 0x0000000000000000
XMM[7]=0x0000000000000000 0x0000000000000000
XMM[8]=0x0000000000000000 0x0000000000000000
XMM[9]=0x0000000000000000 0x0000000000000000
XMM[10]=0x0000000000000000 0x0000000000000000
XMM[11]=0x0000000000000000 0x0000000000000000
XMM[12]=0x0000000000000000 0x0000000000000000
XMM[13]=0x0000000000000000 0x0000000000000000
XMM[14]=0x0000000000000000 0x0000000000000000
XMM[15]=0x0000000000000000 0x0000000000000000
  MXCSR=0x00001fa0


Register to memory mapping:

RAX=0x0000000000000010 is an unknown value
RBX=0x0 is null
RCX=0xffffffffffffffff is an unknown value
RDX=0x007ffb44b4301010 is an unknown value
RSP=0x000000c6098fef40 is pointing into the stack for thread: 0x000002bba55329c0
RBP=0x000002bbec215d30 points into unknown readable memory: 0x00000000a1e14000 | 00 40 e1 a1 00 00 00 00
RSI=0x000000c6098ff0b0 is pointing into the stack for thread: 0x000002bba55329c0
RDI=0x000002bbec215d30 points into unknown readable memory: 0x00000000a1e14000 | 00 40 e1 a1 00 00 00 00
R8 =0x0000000000000042 is an unknown value
R9 =0x00000000a1e14000 is an oop: java.lang.ref.Reference$ReferenceHandler 
{0x00000000a1e14000} - klass: 'java/lang/ref/Reference$ReferenceHandler' - flags: 

 - ---- fields (total size 14 words):
 - 'threadLocalRandomProbe' 'I' @12  0 (0x00000000)
 - private volatile 'eetop' 'J' @16  3004955776064 (0x000002bba5525440)
 - private final 'tid' 'J' @24  13 (0x000000000000000d)
 - 'threadLocalRandomSeed' 'J' @32  0 (0x0000000000000000)
 - injected 'jvmti_thread_state' 'J' @40  3006139626944 (0x000002bbebe275c0)
 - 'threadLocalRandomSecondarySeed' 'I' @48  0 (0x00000000)
 - injected 'jvmti_VTMS_transition_disable_count' 'I' @52  0 (0x00000000)
 - injected 'jfr_epoch' 'S' @56  0 (0x0000)
 - volatile 'interrupted' 'Z' @58  false (0x00)
 - injected 'jvmti_is_in_VTMS_transition' 'Z' @59  false (0x00)
 - private volatile 'name' 'Ljava/lang/String;' @60  "Reference Handler"{0x00000000ffe0a568} (0xffe0a568)
 - private volatile 'contextClassLoader' 'Ljava/lang/ClassLoader;' @64  null (0x00000000)
 - private final 'holder' 'Ljava/lang/Thread$FieldHolder;' @68  a 'java/lang/Thread$FieldHolder'{0x00000000a283e9b8} (0xa283e9b8)
 - 'threadLocals' 'Ljava/lang/ThreadLocal$ThreadLocalMap;' @72  null (0x00000000)
 - 'inheritableThreadLocals' 'Ljava/lang/ThreadLocal$ThreadLocalMap;' @76  null (0x00000000)
 - private 'scopedValueBindings' 'Ljava/lang/Object;' @80  a 'java/lang/Class'{0x00000000ffe7c890} = 'java/lang/Thread' (0xffe7c890)
 - final 'interruptLock' 'Ljava/lang/Object;' @84  a 'java/lang/Object'{0x00000000a283e9a8} (0xa283e9a8)
 - private volatile 'parkBlocker' 'Ljava/lang/Object;' @88  null (0x00000000)
 - private 'nioBlocker' 'Lsun/nio/ch/Interruptible;' @92  null (0x00000000)
 - private 'cont' 'Ljdk/internal/vm/Continuation;' @96  null (0x00000000)
 - private volatile 'uncaughtExceptionHandler' 'Ljava/lang/Thread$UncaughtExceptionHandler;' @100  null (0x00000000)
 - private 'container' 'Ljdk/internal/vm/ThreadContainer;' @104  null (0x00000000)
 - private volatile 'headStackableScopes' 'Ljdk/internal/vm/StackableScope;' @108  null (0x00000000)
R10=0x00007ffb44db9fb0 jvm.dll
R11=0x0000000000000012 is an unknown value
R12=0x000000c6098ff0b0 is pointing into the stack for thread: 0x000002bba55329c0
R13=0x000002bbec1dc970 points into unknown readable memory: 0x00007ffb44d2a510 | 10 a5 d2 44 fb 7f 00 00
R14=0x000002bba5532d88 points into unknown readable memory: 0x00007ffb44d217b0 | b0 17 d2 44 fb 7f 00 00
R15=0x000002bba5532d88 points into unknown readable memory: 0x00007ffb44d217b0 | b0 17 d2 44 fb 7f 00 00

Top of Stack: (sp=0x000000c6098fef40)
0x000000c6098fef40:   000000c6098ff0b0 000002bbec215d30   ........0]!.....
0x000000c6098fef50:   0000000000000000 000002bba55325a0   .........%S.....
0x000000c6098fef60:   000000000000002d 00007ffb41622b9b   -........+bA....
0x000000c6098fef70:   0000000000000000 000002bba5532d88   .........-S.....
0x000000c6098fef80:   000000c6098ff001 0000000000000000   ................
0x000000c6098fef90:   000002bbec35a100 00007ffb416217f4   ..5.......bA....
0x000000c6098fefa0:   0000000000000000 000000000000002d   ........-.......
0x000000c6098fefb0:   0000000000000000 000000000000002d   ........-.......
0x000000c6098fefc0:   0000001600000002 000002bbec2d8150   ........P.-.....
0x000000c6098fefd0:   000002bbec35a100 000002bbec35a1b4   ..5.......5.....
0x000000c6098fefe0:   000002bbec35a1fc 0000000000003bec   ..5......;......
0x000000c6098feff0:   0000000000000000 0000000000000000   ................
0x000000c6098ff000:   0000000000000000 00007ffb445857d4   .........WXD....
0x000000c6098ff010:   00007ffb41764ca0 0000000000004070   .LvA....p@......
0x000000c6098ff020:   00007ffb41764ca0 00000000ffffffff   .LvA............
0x000000c6098ff030:   0000000000000000 00007ffb4162206a   ........j bA....
0x000000c6098ff040:   000002bba5532d88 0000000000000000   .-S.............
0x000000c6098ff050:   000000c6098ff0b9 000002bbec1dc970   ........p.......
0x000000c6098ff060:   0000000000000004 0000000000000048   ........H.......
0x000000c6098ff070:   0000000800800310 0000000000000020   ........ .......
0x000000c6098ff080:   000002bba5532d88 00007ffb41764ca0   .-S......LvA....
0x000000c6098ff090:   000002bba552a120 000002bbebe275c0    .R......u......
0x000000c6098ff0a0:   0000000800800390 000002bba5532d88   .........-S.....
0x000000c6098ff0b0:   000002bba590c610 000002bba590cbb0   ................
0x000000c6098ff0c0:   000002bba590cbb0 00007ffb41764ca0   .........LvA....
0x000000c6098ff0d0:   000002bbf2519998 000000c6098ff248   ..Q.....H.......
0x000000c6098ff0e0:   000000c6098ff380 0000000000008840   ........@.......
0x000000c6098ff0f0:   000000c6098ff560 00007ffb41764cf0   `........LvA....
0x000000c6098ff100:   0000000000989680 0000000000989680   ................
0x000000c6098ff110:   000000c6098ff220 00007ffb4161cc21    .......!.aA....
0x000000c6098ff120:   00007ffb41764ca0 00007ffb41764cf8   .LvA.....LvA....
0x000000c6098ff130:   00007ffb00000000 00007ffb00000001   ................

Instructions: (pc=0x00007ffb416226c4)
  0x00007ffb416225c4:   cc cc cc cc cc cc cc cc cc cc cc cc cc cc cc cc
  0x00007ffb416225d4:   cc cc cc cc cc cc cc cc cc cc cc cc cc cc cc cc
  0x00007ffb416225e4:   cc cc cc cc cc cc cc cc cc cc cc cc cc cc cc cc
  0x00007ffb416225f4:   cc cc cc cc cc cc cc cc cc cc cc cc cc cc cc cc
  0x00007ffb41622604:   cc cc cc cc cc cc cc cc cc cc cc cc cc cc cc cc
  0x00007ffb41622614:   cc cc cc cc cc cc cc cc cc cc cc cc cc cc cc cc
  0x00007ffb41622624:   cc cc cc cc cc cc cc cc cc cc cc cc cc cc cc cc
  0x00007ffb41622634:   cc cc cc cc cc cc cc cc cc cc cc cc cc cc cc cc
  0x00007ffb41622644:   cc cc cc cc cc cc cc cc cc cc cc cc 40 57 48 83
  0x00007ffb41622654:   ec 20 48 8b f9 48 8b 0d 10 28 14 00 48 85 c9 74
  0x00007ffb41622664:   20 48 8b 01 48 8d 54 24 38 41 b8 06 00 01 00 4c
  0x00007ffb41622674:   8b 48 30 41 ff d1 85 c0 75 07 48 8b 4c 24 38 eb
  0x00007ffb41622684:   02 33 c9 4c 8b 05 ea 28 14 00 48 89 5c 24 30 4d
  0x00007ffb41622694:   85 c0 74 4a 48 8b 01 48 8b d7 4c 8b 88 28 03 00
  0x00007ffb416226a4:   00 41 ff d1 48 85 c0 74 35 48 63 0d f8 e6 13 00
  0x00007ffb416226b4:   48 8b 14 01 48 85 d2 74 15 48 63 05 fc e6 13 00
=>0x00007ffb416226c4:   8b 04 10 48 8b 5c 24 30 48 83 c4 20 5f c3 b8 ff
  0x00007ffb416226d4:   ff ff ff 48 8b 5c 24 30 48 83 c4 20 5f c3 80 3d
  0x00007ffb416226e4:   9b 27 14 00 00 bb ff ff ff ff 74 20 4c 8b 0d 31
  0x00007ffb416226f4:   24 14 00 4c 8d 44 24 38 48 8b 0d 15 24 14 00 48
  0x00007ffb41622704:   8b d7 41 ff d1 85 c0 0f 44 5c 24 38 8b c3 48 8b
  0x00007ffb41622714:   5c 24 30 48 83 c4 20 5f c3 cc cc cc cc cc cc cc
  0x00007ffb41622724:   cc cc cc cc cc cc cc cc cc cc cc cc cc cc cc cc
  0x00007ffb41622734:   cc cc cc cc cc cc cc cc cc cc cc cc cc cc cc cc
  0x00007ffb41622744:   cc cc cc cc cc cc cc cc cc cc cc cc 48 89 54 24
  0x00007ffb41622754:   10 53 55 56 57 41 56 41 57 48 83 ec 28 48 8b f2
  0x00007ffb41622764:   4c 8b f1 48 89 4c 24 78 45 33 ff 44 89 7c 24 68
  0x00007ffb41622774:   c7 44 24 60 01 00 00 00 48 8d 4c 24 68 e8 ed 42
  0x00007ffb41622784:   f7 ff 8b d8 48 8d 4c 24 60 e8 e1 42 f7 ff 8b e8
  0x00007ffb41622794:   49 8b ce e8 00 fc f6 ff 48 8b f8 90 8b c3 f0 0f
  0x00007ffb416227a4:   b1 2f 74 04 f3 90 eb f4 4c 89 3e 4c 89 7e 08 4c
  0x00007ffb416227b4:   89 7e 10 49 8b 6e 08 4d 8b 76 10 49 3b ee 0f 84


Stack slot to memory mapping:

stack at sp + 0 slots: 0x000000c6098ff0b0 is pointing into the stack for thread: 0x000002bba55329c0
stack at sp + 1 slots: 0x000002bbec215d30 points into unknown readable memory: 0x00000000a1e14000 | 00 40 e1 a1 00 00 00 00
stack at sp + 2 slots: 0x0 is null
stack at sp + 3 slots: 0x000002bba55325a0 points into unknown readable memory: 0x6e616c2e6176616a | 6a 61 76 61 2e 6c 61 6e
stack at sp + 4 slots: 0x000000000000002d is an unknown value
stack at sp + 5 slots: 0x00007ffb41622b9b libasyncProfiler.dll
stack at sp + 6 slots: 0x0 is null
stack at sp + 7 slots: 0x000002bba5532d88 points into unknown readable memory: 0x00007ffb44d217b0 | b0 17 d2 44 fb 7f 00 00

Lock stack of current Java thread (top to bottom):


---------------  P R O C E S S  ---------------

Threads class SMR info:
_java_thread_list=0x000002bbec28b580, length=27, elements={
0x000002bba5525440, 0x000002bba5526170, 0x000002bba5530270, 0x000002bba55329c0,
0x000002bba5533100, 0x000002bba553b850, 0x000002bba5546010, 0x000002bba55667b0,
0x000002bba5729dd0, 0x000002bba574f560, 0x000002bba574fca0, 0x000002bba57b9610,
0x000002bba57b5120, 0x000002bbeb33db40, 0x000002bba5942e10, 0x000002bb87562e10,
0x000002bbeb557fd0, 0x000002bbeb5502f0, 0x000002bbeb49f460, 0x000002bbeb527920,
0x000002bbeb5271d0, 0x000002bbeb528f10, 0x000002bbeb529db0, 0x000002bbec311e90,
0x000002bbf250f6a0, 0x000002bbec30fa00, 0x000002bbec30eb60
}

Java Threads: ( => current thread )
  0x000002bba5525440 JavaThread "Reference Handler"          daemon [_thread_blocked, id=16756, stack(0x000000c609500000,0x000000c609600000) (1024K)]
  0x000002bba5526170 JavaThread "Finalizer"                  daemon [_thread_blocked, id=144, stack(0x000000c609600000,0x000000c609700000) (1024K)]
  0x000002bba5530270 JavaThread "Signal Dispatcher"          daemon [_thread_blocked, id=1072, stack(0x000000c609700000,0x000000c609800000) (1024K)]
=>0x000002bba55329c0 JavaThread "Attach Listener"            daemon [_thread_in_native, id=4936, stack(0x000000c609800000,0x000000c609900000) (1024K)]
  0x000002bba5533100 JavaThread "Service Thread"             daemon [_thread_blocked, id=13224, stack(0x000000c609900000,0x000000c609a00000) (1024K)]
  0x000002bba553b850 JavaThread "Monitor Deflation Thread"   daemon [_thread_blocked, id=4144, stack(0x000000c609a00000,0x000000c609b00000) (1024K)]
  0x000002bba5546010 JavaThread "C2 CompilerThread0"         daemon [_thread_blocked, id=5860, stack(0x000000c609b00000,0x000000c609c00000) (1024K)]
  0x000002bba55667b0 JavaThread "C1 CompilerThread0"         daemon [_thread_blocked, id=416, stack(0x000000c609c00000,0x000000c609d00000) (1024K)]
  0x000002bba5729dd0 JavaThread "Common-Cleaner"             daemon [_thread_blocked, id=16976, stack(0x000000c609d00000,0x000000c609e00000) (1024K)]
  0x000002bba574f560 JavaThread "Monitor Ctrl-Break"         daemon [_thread_in_native, id=14668, stack(0x000000c609e00000,0x000000c609f00000) (1024K)]
  0x000002bba574fca0 JavaThread "Notification Thread"        daemon [_thread_blocked, id=11512, stack(0x000000c609f00000,0x000000c60a000000) (1024K)]
  0x000002bba57b9610 JavaThread "Java2D Disposer"            daemon [_thread_blocked, id=13796, stack(0x000000c60a000000,0x000000c60a100000) (1024K)]
  0x000002bba57b5120 JavaThread "AWT-Shutdown"                      [_thread_blocked, id=6216, stack(0x000000c60a100000,0x000000c60a200000) (1024K)]
  0x000002bbeb33db40 JavaThread "AWT-Windows"                daemon [_thread_in_native, id=4356, stack(0x000000c60a200000,0x000000c60a300000) (1024K)]
  0x000002bba5942e10 JavaThread "AWT-EventQueue-0"                  [_thread_blocked, id=6812, stack(0x000000c60a300000,0x000000c60a400000) (1024K)]
  0x000002bb87562e10 JavaThread "DestroyJavaVM"                     [_thread_blocked, id=6904, stack(0x000000c608d00000,0x000000c608e00000) (1024K)]
  0x000002bbeb557fd0 JavaThread "RMI TCP Accept-0"           daemon [_thread_in_native, id=17108, stack(0x000000c60a500000,0x000000c60a600000) (1024K)]
  0x000002bbeb5502f0 JavaThread "RMI TCP Connection(1)-192.168.100.6" daemon [_thread_in_native, id=14692, stack(0x000000c60a600000,0x000000c60a700000) (1024K)]
  0x000002bbeb49f460 JavaThread "RMI Scheduler(0)"           daemon [_thread_blocked, id=14004, stack(0x000000c60a700000,0x000000c60a800000) (1024K)]
  0x000002bbeb527920 JavaThread "JMX server connection timeout 36" daemon [_thread_blocked, id=5076, stack(0x000000c60a800000,0x000000c60a900000) (1024K)]
  0x000002bbeb5271d0 JavaThread "D3D Screen Updater"         daemon [_thread_blocked, id=15716, stack(0x000000c60b000000,0x000000c60b100000) (1024K)]
  0x000002bbeb528f10 JavaThread "TimerQueue"                 daemon [_thread_blocked, id=14508, stack(0x000000c60a400000,0x000000c60a500000) (1024K)]
  0x000002bbeb529db0 JavaThread "SwingWorker-pool-1-thread-1" daemon [_thread_blocked, id=2128, stack(0x000000c60b700000,0x000000c60b800000) (1024K)]
  0x000002bbec311e90 JavaThread "Swing-Shell"                daemon [_thread_blocked, id=13700, stack(0x000000c60b800000,0x000000c60b900000) (1024K)]
  0x000002bbf250f6a0 JavaThread "C2 CompilerThread1"         daemon [_thread_blocked, id=15252, stack(0x000000c608a00000,0x000000c608b00000) (1024K)]
  0x000002bbec30fa00 JavaThread "JFR Recorder Thread"        daemon [_thread_in_native, id=5824, stack(0x000000c608b00000,0x000000c608c00000) (1024K)]
  0x000002bbec30eb60 JavaThread "JFR Periodic Tasks"         daemon [_thread_blocked, id=15340, stack(0x000000c608c00000,0x000000c608d00000) (1024K)]
Total: 27

Other Threads:
  0x000002bba550fbb0 VMThread "VM Thread"                           [id=14040, stack(0x000000c609400000,0x000000c609500000) (1024K)]
  0x000002bba54fda70 WatcherThread "VM Periodic Task Thread"        [id=7744, stack(0x000000c609300000,0x000000c609400000) (1024K)]
  0x000002bb89914a00 WorkerThread "GC Thread#0"                     [id=12364, stack(0x000000c608e00000,0x000000c608f00000) (1024K)]
  0x000002bbebfdbb70 WorkerThread "GC Thread#1"                     [id=3160, stack(0x000000c60b300000,0x000000c60b400000) (1024K)]
  0x000002bbeb285d60 WorkerThread "GC Thread#2"                     [id=13012, stack(0x000000c60b400000,0x000000c60b500000) (1024K)]
  0x000002bbeb2864c0 WorkerThread "GC Thread#3"                     [id=9920, stack(0x000000c60b500000,0x000000c60b600000) (1024K)]
  0x000002bb89925490 ConcurrentGCThread "G1 Main Marker"            [id=14292, stack(0x000000c608f00000,0x000000c609000000) (1024K)]
  0x000002bb89926f50 WorkerThread "G1 Conc#0"                       [id=14624, stack(0x000000c609000000,0x000000c609100000) (1024K)]
  0x000002bba53cd370 ConcurrentGCThread "G1 Refine#0"               [id=6208, stack(0x000000c609100000,0x000000c609200000) (1024K)]
  0x000002bba53d0920 ConcurrentGCThread "G1 Service"                [id=13120, stack(0x000000c609200000,0x000000c609300000) (1024K)]
Total: 10

Threads with active compile tasks:
Total: 0

VM state: not at safepoint (normal execution)

VM Mutex/Monitor currently owned by a thread: None

Heap address: 0x00000000a1e00000, size: 1506 MB, Compressed Oops mode: 32-bit

CDS archive(s) mapped at: [0x000002bba6000000-0x000002bba6d40000-0x000002bba6d40000), size 13893632, SharedBaseAddress: 0x000002bba6000000, ArchiveRelocationMode: 1.
Compressed class space mapped at: 0x000002bba7000000-0x000002bbe7000000, reserved size: 1073741824
UseCompressedClassPointers 1, UseCompactObjectHeaders 0
Narrow klass pointer bits 32, Max shift 3
Narrow klass base: 0x000002bba6000000, Narrow klass shift: 0
Encoding Range: [0x000002bba6000000 - 0x000002bca6000000), (4294967296 bytes)
Klass Range:    [0x000002bba6000000 - 0x000002bbe7000000), (1090519040 bytes)
Klass ID Range:  [8 - 1090519033) (1090519025)

GC Precious Log:
 CardTable entry size: 512
 Card Set container configuration: InlinePtr #cards 5 size 8 Array Of Cards #cards 10 size 36 Howl #buckets 4 coarsen threshold 1843 Howl Bitmap #cards 512 size 80 coarsen threshold 460 Card regions per heap region 1 cards per card region 2048
 CPUs: 4 total, 4 available
 Memory: 6020M
 Large Page Support: Disabled
 NUMA Support: Disabled
 Compressed Oops: Enabled (32-bit)
 Heap Region Size: 1M
 Heap Min Capacity: 8M
 Heap Initial Capacity: 96M
 Heap Max Capacity: 1506M
 Pre-touch: Disabled
 Parallel Workers: 4
 Concurrent Workers: 1
 Concurrent Refinement Workers: 4
 Periodic GC: Disabled

Heap:
 garbage-first heap   total reserved 1542144K, committed 57344K, used 33165K [0x00000000a1e00000, 0x0000000100000000)
  region size 1024K, 21 young (21504K), 2 survivors (2048K)
 Metaspace       used 23961K, committed 24320K, reserved 1114112K
  class space    used 2281K, committed 2432K, reserved 1048576K

Heap Regions: E=young(eden), S=young(survivor), O=old, HS=humongous(starts), HC=humongous(continues), CS=collection set, F=free, TAMS=top-at-mark-start, PB=parsable bottom
|   0|0x00000000a1e00000, 0x00000000a1f00000, 0x00000000a1f00000|100%| O|  |TAMS 0x00000000a1e00000| PB 0x00000000a1e00000| Untracked |  0
|   1|0x00000000a1f00000, 0x00000000a2000000, 0x00000000a2000000|100%|HS|  |TAMS 0x00000000a1f00000| PB 0x00000000a1f00000| Complete |  0
|   2|0x00000000a2000000, 0x00000000a2100000, 0x00000000a2100000|100%|HC|  |TAMS 0x00000000a2000000| PB 0x00000000a2000000| Complete |  0
|   3|0x00000000a2100000, 0x00000000a2200000, 0x00000000a2200000|100%|HS|  |TAMS 0x00000000a2100000| PB 0x00000000a2100000| Complete |  0
|   4|0x00000000a2200000, 0x00000000a2300000, 0x00000000a2300000|100%|HC|  |TAMS 0x00000000a2200000| PB 0x00000000a2200000| Complete |  0
|   5|0x00000000a2300000, 0x00000000a2300000, 0x00000000a2400000|  0%| F|  |TAMS 0x00000000a2300000| PB 0x00000000a2300000| Untracked |  0
|   6|0x00000000a2400000, 0x00000000a24166c0, 0x00000000a2500000|  8%| O|  |TAMS 0x00000000a2400000| PB 0x00000000a2400000| Untracked |  0
|   7|0x00000000a2500000, 0x00000000a2500000, 0x00000000a2600000|  0%| F|  |TAMS 0x00000000a2500000| PB 0x00000000a2500000| Untracked |  0
|   8|0x00000000a2600000, 0x00000000a2700000, 0x00000000a2700000|100%| O|  |TAMS 0x00000000a2600000| PB 0x00000000a2600000| Untracked |  0
|   9|0x00000000a2700000, 0x00000000a2800000, 0x00000000a2800000|100%| O|  |TAMS 0x00000000a2700000| PB 0x00000000a2700000| Untracked |  0
|  10|0x00000000a2800000, 0x00000000a2900000, 0x00000000a2900000|100%| O|  |TAMS 0x00000000a2800000| PB 0x00000000a2800000| Untracked |  0
|  11|0x00000000a2900000, 0x00000000a2a00000, 0x00000000a2a00000|100%|HS|  |TAMS 0x00000000a2900000| PB 0x00000000a2900000| Complete |  0
|  12|0x00000000a2a00000, 0x00000000a2b00000, 0x00000000a2b00000|100%|HC|  |TAMS 0x00000000a2a00000| PB 0x00000000a2a00000| Complete |  0
|  13|0x00000000a2b00000, 0x00000000a2c00000, 0x00000000a2c00000|100%|HC|  |TAMS 0x00000000a2b00000| PB 0x00000000a2b00000| Complete |  0
|  14|0x00000000a2c00000, 0x00000000a2d00000, 0x00000000a2d00000|100%|HC|  |TAMS 0x00000000a2c00000| PB 0x00000000a2c00000| Complete |  0
|  15|0x00000000a2d00000, 0x00000000a2d00000, 0x00000000a2e00000|  0%| F|  |TAMS 0x00000000a2d00000| PB 0x00000000a2d00000| Untracked |  0
|  16|0x00000000a2e00000, 0x00000000a2e00000, 0x00000000a2f00000|  0%| F|  |TAMS 0x00000000a2e00000| PB 0x00000000a2e00000| Untracked |  0
|  17|0x00000000a2f00000, 0x00000000a2f00000, 0x00000000a3000000|  0%| F|  |TAMS 0x00000000a2f00000| PB 0x00000000a2f00000| Untracked |  0
|  18|0x00000000a3000000, 0x00000000a3000000, 0x00000000a3100000|  0%| F|  |TAMS 0x00000000a3000000| PB 0x00000000a3000000| Untracked |  0
|  19|0x00000000a3100000, 0x00000000a3100000, 0x00000000a3200000|  0%| F|  |TAMS 0x00000000a3100000| PB 0x00000000a3100000| Untracked |  0
|  20|0x00000000a3200000, 0x00000000a3200000, 0x00000000a3300000|  0%| F|  |TAMS 0x00000000a3200000| PB 0x00000000a3200000| Untracked |  0
|  21|0x00000000a3300000, 0x00000000a3300000, 0x00000000a3400000|  0%| F|  |TAMS 0x00000000a3300000| PB 0x00000000a3300000| Untracked |  0
|  22|0x00000000a3400000, 0x00000000a3400000, 0x00000000a3500000|  0%| F|  |TAMS 0x00000000a3400000| PB 0x00000000a3400000| Untracked |  0
|  23|0x00000000a3500000, 0x00000000a3500000, 0x00000000a3600000|  0%| F|  |TAMS 0x00000000a3500000| PB 0x00000000a3500000| Untracked |  0
|  24|0x00000000a3600000, 0x00000000a364cfa0, 0x00000000a3700000| 30%| S|CS|TAMS 0x00000000a3600000| PB 0x00000000a3600000| Complete |  0
|  25|0x00000000a3700000, 0x00000000a3800000, 0x00000000a3800000|100%| S|CS|TAMS 0x00000000a3700000| PB 0x00000000a3700000| Complete |  0
|  26|0x00000000a3800000, 0x00000000a3800000, 0x00000000a3900000|  0%| F|  |TAMS 0x00000000a3800000| PB 0x00000000a3800000| Untracked |  0
|  27|0x00000000a3900000, 0x00000000a3900000, 0x00000000a3a00000|  0%| F|  |TAMS 0x00000000a3900000| PB 0x00000000a3900000| Untracked |  0
|  28|0x00000000a3a00000, 0x00000000a3a00000, 0x00000000a3b00000|  0%| F|  |TAMS 0x00000000a3a00000| PB 0x00000000a3a00000| Untracked |  0
|  29|0x00000000a3b00000, 0x00000000a3b00000, 0x00000000a3c00000|  0%| F|  |TAMS 0x00000000a3b00000| PB 0x00000000a3b00000| Untracked |  0
|  30|0x00000000a3c00000, 0x00000000a3c00000, 0x00000000a3d00000|  0%| F|  |TAMS 0x00000000a3c00000| PB 0x00000000a3c00000| Untracked |  0
|  31|0x00000000a3d00000, 0x00000000a3d00000, 0x00000000a3e00000|  0%| F|  |TAMS 0x00000000a3d00000| PB 0x00000000a3d00000| Untracked |  0
|  32|0x00000000a3e00000, 0x00000000a3e00000, 0x00000000a3f00000|  0%| F|  |TAMS 0x00000000a3e00000| PB 0x00000000a3e00000| Untracked |  0
|  33|0x00000000a3f00000, 0x00000000a3f00000, 0x00000000a4000000|  0%| F|  |TAMS 0x00000000a3f00000| PB 0x00000000a3f00000| Untracked |  0
|  34|0x00000000a4000000, 0x00000000a4000000, 0x00000000a4100000|  0%| F|  |TAMS 0x00000000a4000000| PB 0x00000000a4000000| Untracked |  0
|  35|0x00000000a4100000, 0x00000000a4100000, 0x00000000a4200000|  0%| F|  |TAMS 0x00000000a4100000| PB 0x00000000a4100000| Untracked |  0
|  36|0x00000000a4200000, 0x00000000a4222288, 0x00000000a4300000| 13%| E|  |TAMS 0x00000000a4200000| PB 0x00000000a4200000| Complete |  0
|  37|0x00000000a4300000, 0x00000000a4400000, 0x00000000a4400000|100%| E|CS|TAMS 0x00000000a4300000| PB 0x00000000a4300000| Complete |  0
|  38|0x00000000a4400000, 0x00000000a4500000, 0x00000000a4500000|100%| E|CS|TAMS 0x00000000a4400000| PB 0x00000000a4400000| Complete |  0
|  39|0x00000000a4500000, 0x00000000a4600000, 0x00000000a4600000|100%| E|CS|TAMS 0x00000000a4500000| PB 0x00000000a4500000| Complete |  0
|  40|0x00000000a4600000, 0x00000000a4700000, 0x00000000a4700000|100%| E|CS|TAMS 0x00000000a4600000| PB 0x00000000a4600000| Complete |  0
|  41|0x00000000a4700000, 0x00000000a4800000, 0x00000000a4800000|100%| E|CS|TAMS 0x00000000a4700000| PB 0x00000000a4700000| Complete |  0
|  42|0x00000000a4800000, 0x00000000a4900000, 0x00000000a4900000|100%| E|CS|TAMS 0x00000000a4800000| PB 0x00000000a4800000| Complete |  0
|  43|0x00000000a4900000, 0x00000000a4a00000, 0x00000000a4a00000|100%| E|CS|TAMS 0x00000000a4900000| PB 0x00000000a4900000| Complete |  0
|  44|0x00000000a4a00000, 0x00000000a4b00000, 0x00000000a4b00000|100%| E|CS|TAMS 0x00000000a4a00000| PB 0x00000000a4a00000| Complete |  0
|  45|0x00000000a4b00000, 0x00000000a4c00000, 0x00000000a4c00000|100%| E|CS|TAMS 0x00000000a4b00000| PB 0x00000000a4b00000| Complete |  0
|  46|0x00000000a4c00000, 0x00000000a4d00000, 0x00000000a4d00000|100%| E|CS|TAMS 0x00000000a4c00000| PB 0x00000000a4c00000| Complete |  0
|  47|0x00000000a4d00000, 0x00000000a4e00000, 0x00000000a4e00000|100%| E|CS|TAMS 0x00000000a4d00000| PB 0x00000000a4d00000| Complete |  0
|  48|0x00000000a4e00000, 0x00000000a4f00000, 0x00000000a4f00000|100%| E|CS|TAMS 0x00000000a4e00000| PB 0x00000000a4e00000| Complete |  0
|  49|0x00000000a4f00000, 0x00000000a5000000, 0x00000000a5000000|100%| E|CS|TAMS 0x00000000a4f00000| PB 0x00000000a4f00000| Complete |  0
|  50|0x00000000a5000000, 0x00000000a5100000, 0x00000000a5100000|100%| E|CS|TAMS 0x00000000a5000000| PB 0x00000000a5000000| Complete |  0
|  75|0x00000000a6900000, 0x00000000a6a00000, 0x00000000a6a00000|100%| E|CS|TAMS 0x00000000a6900000| PB 0x00000000a6900000| Complete |  0
|  76|0x00000000a6a00000, 0x00000000a6b00000, 0x00000000a6b00000|100%| E|CS|TAMS 0x00000000a6a00000| PB 0x00000000a6a00000| Complete |  0
|  95|0x00000000a7d00000, 0x00000000a7e00000, 0x00000000a7e00000|100%| E|CS|TAMS 0x00000000a7d00000| PB 0x00000000a7d00000| Complete |  0
|1504|0x00000000ffe00000, 0x00000000fff00000, 0x00000000fff00000|100%| O|  |TAMS 0x00000000ffe00000| PB 0x00000000ffe00000| Untracked |  0
|1505|0x00000000fff00000, 0x0000000100000000, 0x0000000100000000|100%| E|CS|TAMS 0x00000000fff00000| PB 0x00000000fff00000| Complete |  0

Card table byte_map: [0x000002bba1460000,0x000002bba1760000] _byte_map_base: 0x000002bba0f51000

Marking Bits: (CMBitMap*) 0x000002bb89915110
 Bits: [0x000002bba1760000, 0x000002bba2ee8000)

Polling page: 0x000002bb89080000

Metaspace:

Usage:
  Non-class:     21.17 MB used.
      Class:      2.23 MB used.
       Both:     23.40 MB used.

Virtual space:
  Non-class space:       64.00 MB reserved,      21.38 MB ( 33%) committed,  1 nodes.
      Class space:        1.00 GB reserved,       2.38 MB ( <1%) committed,  1 nodes.
             Both:        1.06 GB reserved,      23.75 MB (  2%) committed. 

Chunk freelists:
   Non-Class:  10.48 MB
       Class:  13.58 MB
        Both:  24.06 MB

MaxMetaspaceSize: unlimited
CompressedClassSpaceSize: 1.00 GB
Initial GC threshold: 21.00 MB
Current GC threshold: 35.12 MB
CDS: on
 - commit_granule_bytes: 65536.
 - commit_granule_words: 8192.
 - virtual_space_node_default_size: 8388608.
 - enlarge_chunks_in_place: 1.
UseCompressedClassPointers 1, UseCompactObjectHeaders 0
Narrow klass pointer bits 32, Max shift 3
Narrow klass base: 0x000002bba6000000, Narrow klass shift: 0
Encoding Range: [0x000002bba6000000 - 0x000002bca6000000), (4294967296 bytes)
Klass Range:    [0x000002bba6000000 - 0x000002bbe7000000), (1090519040 bytes)
Klass ID Range:  [8 - 1090519033) (1090519025)


Internal statistics:

num_allocs_failed_limit: 3.
num_arena_births: 382.
num_arena_deaths: 0.
num_vsnodes_births: 2.
num_vsnodes_deaths: 0.
num_space_committed: 380.
num_space_uncommitted: 0.
num_chunks_returned_to_freelist: 3.
num_chunks_taken_from_freelist: 601.
num_chunk_merges: 0.
num_chunk_splits: 348.
num_chunks_enlarged: 159.
num_inconsistent_stats: 0.

CodeHeap 'non-profiled nmethods': size=120064Kb used=2167Kb max_used=2167Kb free=117896Kb
 bounds [0x000002bb99c20000, 0x000002bb99e90000, 0x000002bba1160000]
CodeHeap 'profiled nmethods': size=120000Kb used=9306Kb max_used=9306Kb free=110693Kb
 bounds [0x000002bb92160000, 0x000002bb92a80000, 0x000002bb99690000]
CodeHeap 'non-nmethods': size=5696Kb used=1641Kb max_used=1749Kb free=4054Kb
 bounds [0x000002bb99690000, 0x000002bb99900000, 0x000002bb99c20000]
CodeCache: size=245760Kb, used=13114Kb, max_used=13222Kb, free=232643Kb
 total_blobs=6308, nmethods=5494, adapters=719, full_count=0
Compilation: enabled, stopped_count=0, restarted_count=0

Compilation events (20 events):
Event: 153.627 Thread 0x000002bba55667b0 5487       1       jdk.jfr.internal.PlatformEventType::isEnabled (5 bytes)
Event: 153.627 Thread 0x000002bba55667b0 nmethod 5487 0x000002bb99e35c88 code [0x000002bb99e35d80, 0x000002bb99e35e48]
Event: 153.629 Thread 0x000002bba5546010 nmethod 5466 0x000002bb99e35f88 code [0x000002bb99e360c0, 0x000002bb99e365a8]
Event: 153.629 Thread 0x000002bba5546010 5467  s    4       java.io.DataOutputStream::write (14 bytes)
Event: 153.632 Thread 0x000002bba5546010 nmethod 5467 0x000002bb99e36608 code [0x000002bb99e36760, 0x000002bb99e36f30]
Event: 153.632 Thread 0x000002bba5546010 5468       4       jdk.jfr.internal.MetadataWriter::writeInt (148 bytes)
Event: 153.641 Thread 0x000002bbf250f6a0 nmethod 5469 0x000002bb99e36f88 code [0x000002bb99e37300, 0x000002bb99e3aea8]
Event: 153.641 Thread 0x000002bbf250f6a0 5471       4       java.util.LinkedHashMap::get (29 bytes)
Event: 153.642 Thread 0x000002bba55667b0 5490       1       jdk.jfr.internal.periodic.EventTask::getEventType (5 bytes)
Event: 153.642 Thread 0x000002bba55667b0 nmethod 5490 0x000002bb99e3af88 code [0x000002bb99e3b080, 0x000002bb99e3b148]
Event: 153.643 Thread 0x000002bba5546010 nmethod 5468 0x000002bb99e3b288 code [0x000002bb99e3b480, 0x000002bb99e3cc40]
Event: 153.643 Thread 0x000002bba5546010 5491       4       java.util.Arrays::fill (21 bytes)
Event: 153.644 Thread 0x000002bba55667b0 5492       3       java.util.Comparator$$Lambda/0x000002bba72394d8::compare (10 bytes)
Event: 153.644 Thread 0x000002bba55667b0 nmethod 5492 0x000002bb92a75f08 code [0x000002bb92a76060, 0x000002bb92a764d0]
Event: 153.644 Thread 0x000002bba55667b0 5493       3       java.util.Comparator::lambda$comparingLong$6043328a$1 (18 bytes)
Event: 153.645 Thread 0x000002bba55667b0 nmethod 5493 0x000002bb92a76508 code [0x000002bb92a76660, 0x000002bb92a76a40]
Event: 153.645 Thread 0x000002bba55667b0 5494       1       jdk.jfr.internal.periodic.PeriodicTask::getPeriod (5 bytes)
Event: 153.645 Thread 0x000002bba55667b0 nmethod 5494 0x000002bb99e3cd08 code [0x000002bb99e3ce00, 0x000002bb99e3cec8]
Event: 153.647 Thread 0x000002bbf250f6a0 nmethod 5471 0x000002bb99e3d008 code [0x000002bb99e3d160, 0x000002bb99e3d4f8]
Event: 153.647 Thread 0x000002bba5546010 nmethod 5491 0x000002bb99e3d588 code [0x000002bb99e3d6a0, 0x000002bb99e3de58]

GC Heap History (12 events):
Event: 8.749 GC heap before
{Heap before GC invocations=0 (full 0):
 garbage-first heap   total reserved 1542144K, committed 100352K, used 29812K [0x00000000a1e00000, 0x0000000100000000)
  region size 1024K, 28 young (28672K), 0 survivors (0K)
 Metaspace       used 15970K, committed 16384K, reserved 1114112K
  class space    used 1603K, committed 1792K, reserved 1048576K
}
Event: 8.757 GC heap after
{Heap after GC invocations=1 (full 0):
 garbage-first heap   total reserved 1542144K, committed 100352K, used 5316K [0x00000000a1e00000, 0x0000000100000000)
  region size 1024K, 4 young (4096K), 4 survivors (4096K)
 Metaspace       used 15970K, committed 16384K, reserved 1114112K
  class space    used 1603K, committed 1792K, reserved 1048576K
}
Event: 71.848 GC heap before
{Heap before GC invocations=1 (full 0):
 garbage-first heap   total reserved 1542144K, committed 100352K, used 52420K [0x00000000a1e00000, 0x0000000100000000)
  region size 1024K, 44 young (45056K), 4 survivors (4096K)
 Metaspace       used 20980K, committed 21376K, reserved 1114112K
  class space    used 2014K, committed 2176K, reserved 1048576K
}
Event: 71.856 GC heap after
{Heap after GC invocations=2 (full 0):
 garbage-first heap   total reserved 1542144K, committed 100352K, used 14005K [0x00000000a1e00000, 0x0000000100000000)
  region size 1024K, 2 young (2048K), 2 survivors (2048K)
 Metaspace       used 20980K, committed 21376K, reserved 1114112K
  class space    used 2014K, committed 2176K, reserved 1048576K
}
Event: 78.539 GC heap before
{Heap before GC invocations=2 (full 0):
 garbage-first heap   total reserved 1542144K, committed 100352K, used 63157K [0x00000000a1e00000, 0x0000000100000000)
  region size 1024K, 45 young (46080K), 2 survivors (2048K)
 Metaspace       used 21148K, committed 21504K, reserved 1114112K
  class space    used 2028K, committed 2176K, reserved 1048576K
}
Event: 78.542 GC heap after
{Heap after GC invocations=3 (full 0):
 garbage-first heap   total reserved 1542144K, committed 100352K, used 15780K [0x00000000a1e00000, 0x0000000100000000)
  region size 1024K, 2 young (2048K), 2 survivors (2048K)
 Metaspace       used 21148K, committed 21504K, reserved 1114112K
  class space    used 2028K, committed 2176K, reserved 1048576K
}
Event: 81.575 GC heap before
{Heap before GC invocations=3 (full 0):
 garbage-first heap   total reserved 1542144K, committed 100352K, used 36260K [0x00000000a1e00000, 0x0000000100000000)
  region size 1024K, 21 young (21504K), 2 survivors (2048K)
 Metaspace       used 21187K, committed 21504K, reserved 1114112K
  class space    used 2029K, committed 2176K, reserved 1048576K
}
Event: 81.578 GC heap after
{Heap after GC invocations=4 (full 0):
 garbage-first heap   total reserved 1542144K, committed 100352K, used 14651K [0x00000000a1e00000, 0x0000000100000000)
  region size 1024K, 2 young (2048K), 2 survivors (2048K)
 Metaspace       used 21187K, committed 21504K, reserved 1114112K
  class space    used 2029K, committed 2176K, reserved 1048576K
}
Event: 95.664 GC heap before
{Heap before GC invocations=5 (full 0):
 garbage-first heap   total reserved 1542144K, committed 55296K, used 53563K [0x00000000a1e00000, 0x0000000100000000)
  region size 1024K, 36 young (36864K), 2 survivors (2048K)
 Metaspace       used 21282K, committed 21632K, reserved 1114112K
  class space    used 2029K, committed 2176K, reserved 1048576K
}
Event: 95.667 GC heap after
{Heap after GC invocations=6 (full 0):
 garbage-first heap   total reserved 1542144K, committed 57344K, used 18855K [0x00000000a1e00000, 0x0000000100000000)
  region size 1024K, 2 young (2048K), 2 survivors (2048K)
 Metaspace       used 21282K, committed 21632K, reserved 1114112K
  class space    used 2029K, committed 2176K, reserved 1048576K
}
Event: 102.737 GC heap before
{Heap before GC invocations=6 (full 0):
 garbage-first heap   total reserved 1542144K, committed 57344K, used 45479K [0x00000000a1e00000, 0x0000000100000000)
  region size 1024K, 28 young (28672K), 2 survivors (2048K)
 Metaspace       used 21327K, committed 21696K, reserved 1114112K
  class space    used 2030K, committed 2176K, reserved 1048576K
}
Event: 102.740 GC heap after
{Heap after GC invocations=7 (full 0):
 garbage-first heap   total reserved 1542144K, committed 57344K, used 14733K [0x00000000a1e00000, 0x0000000100000000)
  region size 1024K, 2 young (2048K), 2 survivors (2048K)
 Metaspace       used 21327K, committed 21696K, reserved 1114112K
  class space    used 2030K, committed 2176K, reserved 1048576K
}

Dll operation events (17 events):
Event: 0.032 Loaded shared library C:\Program Files\Java\jdk-24\bin\java.dll
Event: 0.079 Loaded shared library C:\Program Files\Java\jdk-24\bin\jsvml.dll
Event: 0.151 Loaded shared library C:\Program Files\Java\jdk-24\bin\zip.dll
Event: 0.159 Loaded shared library C:\Program Files\Java\jdk-24\bin\instrument.dll
Event: 0.169 Loaded shared library C:\Program Files\Java\jdk-24\bin\net.dll
Event: 0.173 Loaded shared library C:\Program Files\Java\jdk-24\bin\nio.dll
Event: 0.186 Loaded shared library C:\Program Files\Java\jdk-24\bin\zip.dll
Event: 0.225 Loaded shared library C:\Program Files\Java\jdk-24\bin\extnet.dll
Event: 0.236 Loaded shared library C:\Program Files\Java\jdk-24\bin\jimage.dll
Event: 0.252 Loaded shared library C:\Program Files\Java\jdk-24\bin\awt.dll
Event: 0.366 Loaded shared library C:\Program Files\Java\jdk-24\bin\management.dll
Event: 0.380 Loaded shared library C:\Program Files\Java\jdk-24\bin\management_ext.dll
Event: 0.712 Loaded shared library C:\Program Files\Java\jdk-24\bin\freetype.dll
Event: 0.717 Loaded shared library C:\Program Files\Java\jdk-24\bin\fontmanager.dll
Event: 9.179 Loaded shared library C:\Users\garci\AppData\Local\Temp\sqlite-3.41.2.1-1418f774-c9db-4a1c-94a7-ef3ed8e9bb8d-sqlitejdbc.dll
Event: 9.265 Loaded shared library C:\Program Files\Java\jdk-24\bin\javajpeg.dll
Event: 153.259 Loaded shared library C:\Users\garci\AppData\Local\Temp\idea_libasyncProfiler_dll_temp_folder\libasyncProfiler.dll

Deoptimization events (20 events):
Event: 153.433 Thread 0x000002bba55329c0 Uncommon trap: trap_request=0xffffff4d fr.pc=0x000002bb99d0e968 relative=0x00000000000002a8
Event: 153.433 Thread 0x000002bba55329c0 Uncommon trap: reason=unstable_if action=reinterpret pc=0x000002bb99d0e968 method=java.util.concurrent.ConcurrentHashMap.get(Ljava/lang/Object;)Ljava/lang/Object; @ 76 c2
Event: 153.433 Thread 0x000002bba55329c0 DEOPT PACKING pc=0x000002bb99d0e968 sp=0x000000c6098fe1c0
Event: 153.433 Thread 0x000002bba55329c0 DEOPT UNPACKING pc=0x000002bb997a6382 sp=0x000000c6098fe138 mode 2
Event: 153.556 Thread 0x000002bba55329c0 Uncommon trap: trap_request=0xffffffd6 fr.pc=0x000002bb99e2dc7c relative=0x00000000000001dc
Event: 153.556 Thread 0x000002bba55329c0 Uncommon trap: reason=array_check action=maybe_recompile pc=0x000002bb99e2dc7c method=java.util.Arrays.fill([Ljava/lang/Object;Ljava/lang/Object;)V @ 13 c2
Event: 153.556 Thread 0x000002bba55329c0 DEOPT PACKING pc=0x000002bb99e2dc7c sp=0x000000c6098fcd90
Event: 153.557 Thread 0x000002bba55329c0 DEOPT UNPACKING pc=0x000002bb997a6382 sp=0x000000c6098fcd20 mode 2
Event: 153.557 Thread 0x000002bba55329c0 Uncommon trap: trap_request=0xffffffd6 fr.pc=0x000002bb99e2dc7c relative=0x00000000000001dc
Event: 153.557 Thread 0x000002bba55329c0 Uncommon trap: reason=array_check action=maybe_recompile pc=0x000002bb99e2dc7c method=java.util.Arrays.fill([Ljava/lang/Object;Ljava/lang/Object;)V @ 13 c2
Event: 153.557 Thread 0x000002bba55329c0 DEOPT PACKING pc=0x000002bb99e2dc7c sp=0x000000c6098fcae0
Event: 153.557 Thread 0x000002bba55329c0 DEOPT UNPACKING pc=0x000002bb997a6382 sp=0x000000c6098fca70 mode 2
Event: 153.572 Thread 0x000002bba55329c0 Uncommon trap: trap_request=0xffffffd6 fr.pc=0x000002bb99e2dc7c relative=0x00000000000001dc
Event: 153.572 Thread 0x000002bba55329c0 Uncommon trap: reason=array_check action=maybe_recompile pc=0x000002bb99e2dc7c method=java.util.Arrays.fill([Ljava/lang/Object;Ljava/lang/Object;)V @ 13 c2
Event: 153.572 Thread 0x000002bba55329c0 DEOPT PACKING pc=0x000002bb99e2dc7c sp=0x000000c6098fcd80
Event: 153.572 Thread 0x000002bba55329c0 DEOPT UNPACKING pc=0x000002bb997a6382 sp=0x000000c6098fcd10 mode 2
Event: 153.572 Thread 0x000002bba55329c0 Uncommon trap: trap_request=0xffffffd6 fr.pc=0x000002bb99e2dc7c relative=0x00000000000001dc
Event: 153.572 Thread 0x000002bba55329c0 Uncommon trap: reason=array_check action=maybe_recompile pc=0x000002bb99e2dc7c method=java.util.Arrays.fill([Ljava/lang/Object;Ljava/lang/Object;)V @ 13 c2
Event: 153.572 Thread 0x000002bba55329c0 DEOPT PACKING pc=0x000002bb99e2dc7c sp=0x000000c6098fcad0
Event: 153.572 Thread 0x000002bba55329c0 DEOPT UNPACKING pc=0x000002bb997a6382 sp=0x000000c6098fca60 mode 2

Classes loaded (20 events):
Event: 153.577 Loading class jdk/jfr/internal/MetadataDescriptor$Element
Event: 153.578 Loading class jdk/jfr/internal/MetadataDescriptor$Element done
Event: 153.578 Loading class jdk/jfr/internal/MetadataDescriptor$Attribute
Event: 153.578 Loading class jdk/jfr/internal/MetadataDescriptor$Attribute done
Event: 153.596 Loading class jdk/jfr/internal/consumer/StringParser$Encoding
Event: 153.596 Loading class jdk/jfr/internal/consumer/StringParser$Encoding done
Event: 153.617 Loading class jdk/jfr/internal/consumer/RepositoryFiles
Event: 153.617 Loading class jdk/jfr/internal/consumer/RepositoryFiles done
Event: 153.621 Loading class jdk/jfr/internal/SettingsManager$InternalSetting
Event: 153.621 Loading class jdk/jfr/internal/SettingsManager$InternalSetting done
Event: 153.623 Loading class jdk/jfr/internal/util/Rate
Event: 153.623 Loading class jdk/jfr/internal/util/Rate done
Event: 153.623 Loading class jdk/jfr/internal/util/TimespanUnit
Event: 153.624 Loading class jdk/jfr/internal/util/TimespanUnit done
Event: 153.624 Loading class jdk/jfr/internal/util/ValueParser
Event: 153.624 Loading class jdk/jfr/internal/util/ValueParser done
Event: 153.626 Loading class jdk/jfr/internal/periodic/PeriodicType
Event: 153.626 Loading class jdk/jfr/internal/periodic/PeriodicType done
Event: 153.645 Loading class jdk/jfr/internal/periodic/Batch
Event: 153.645 Loading class jdk/jfr/internal/periodic/Batch done

Classes unloaded (0 events):
No events

Classes redefined (0 events):
No events

Internal exceptions (20 events):
Event: 1.203 Thread 0x000002bba5942e10 Exception <a 'java/lang/NoSuchMethodError'{0x00000000a668a5e0}: 'void java.lang.invoke.DelegatingMethodHandle$Holder.reinvoke_L(java.lang.Object, java.lang.Object, java.lang.Object, java.lang.Object, long, long, double)'> (0x00000000a668a5e0) 
thrown [s\open\src\hotspot\share\interpreter\linkResolver.cpp, line 805]
Event: 2.836 Thread 0x000002bbeb5502f0 Exception <a 'java/lang/NoSuchMethodError'{0x00000000a68b83b0}: 'long java.lang.invoke.DirectMethodHandle$Holder.invokeVirtual(java.lang.Object, java.lang.Object)'> (0x00000000a68b83b0) 
thrown [s\open\src\hotspot\share\interpreter\linkResolver.cpp, line 805]
Event: 2.837 Thread 0x000002bbeb5502f0 Exception <a 'java/lang/NoSuchMethodError'{0x00000000a68c8660}: 'long java.lang.invoke.DelegatingMethodHandle$Holder.reinvoke_L(java.lang.Object, java.lang.Object)'> (0x00000000a68c8660) 
thrown [s\open\src\hotspot\share\interpreter\linkResolver.cpp, line 805]
Event: 8.603 Thread 0x000002bba5942e10 Implicit null exception at 0x000002bb99c3bf9d to 0x000002bb99c3c019
Event: 8.841 Thread 0x000002bba5942e10 Implicit null exception at 0x000002bb99cc4b8e to 0x000002bb99cc5958
Event: 9.072 Thread 0x000002bbeb529db0 Exception <a 'sun/nio/fs/WindowsException'{0x00000000a77077f8}> (0x00000000a77077f8) 
thrown [s\open\src\hotspot\share\prims\jni.cpp, line 518]
Event: 9.075 Thread 0x000002bbeb529db0 Exception <a 'sun/nio/fs/WindowsException'{0x00000000a77082d8}> (0x00000000a77082d8) 
thrown [s\open\src\hotspot\share\prims\jni.cpp, line 518]
Event: 9.221 Thread 0x000002bbeb529db0 Exception <a 'java/lang/NoSuchMethodError'{0x00000000a77d47c0}: 'java.lang.Object java.lang.invoke.DirectMethodHandle$Holder.invokeSpecial(java.lang.Object, java.lang.Object, int, java.lang.Object, long)'> (0x00000000a77d47c0) 
thrown [s\open\src\hotspot\share\interpreter\linkResolver.cpp, line 805]
Event: 9.221 Thread 0x000002bbeb529db0 Exception <a 'java/lang/NoSuchMethodError'{0x00000000a77e3d88}: 'java.lang.Object java.lang.invoke.DirectMethodHandle$Holder.newInvokeSpecial(java.lang.Object, java.lang.Object, int)'> (0x00000000a77e3d88) 
thrown [s\open\src\hotspot\share\interpreter\linkResolver.cpp, line 805]
Event: 49.930 Thread 0x000002bba5942e10 Exception <a 'java/lang/NoSuchMethodError'{0x00000000a6d80d60}: 'int java.lang.invoke.DelegatingMethodHandle$Holder.reinvoke_L(java.lang.Object, java.lang.Object, java.lang.Object, java.lang.Object, long, long)'> (0x00000000a6d80d60) 
thrown [s\open\src\hotspot\share\interpreter\linkResolver.cpp, line 805]
Event: 74.202 Thread 0x000002bba5942e10 Exception <a 'java/lang/NoSuchMethodError'{0x00000000a6070fd8}: 'java.lang.Object java.lang.invoke.DirectMethodHandle$Holder.newInvokeSpecial(java.lang.Object, java.lang.Object, long)'> (0x00000000a6070fd8) 
thrown [s\open\src\hotspot\share\interpreter\linkResolver.cpp, line 805]
Event: 108.577 Thread 0x000002bba5942e10 Exception <a 'java/lang/NoSuchMethodError'{0x00000000fff60c80}: 'double java.lang.invoke.DirectMethodHandle$Holder.invokeStatic(java.lang.Object, java.lang.Object)'> (0x00000000fff60c80) 
thrown [s\open\src\hotspot\share\interpreter\linkResolver.cpp, line 805]
Event: 108.580 Thread 0x000002bba5942e10 Exception <a 'java/lang/NoSuchMethodError'{0x00000000fff77cc8}: 'void java.lang.invoke.DirectMethodHandle$Holder.invokeStatic(java.lang.Object, java.lang.Object, double)'> (0x00000000fff77cc8) 
thrown [s\open\src\hotspot\share\interpreter\linkResolver.cpp, line 805]
Event: 153.369 Thread 0x000002bba55329c0 Exception <a 'java/lang/NoSuchMethodError'{0x00000000a4a56af0}: 'int java.lang.invoke.DirectMethodHandle$Holder.invokeStatic(java.lang.Object, java.lang.Object, java.lang.Object, java.lang.Object)'> (0x00000000a4a56af0) 
thrown [s\open\src\hotspot\share\interpreter\linkResolver.cpp, line 805]
Event: 153.492 Thread 0x000002bba55329c0 Exception <a 'java/lang/NoSuchMethodError'{0x00000000a464dea0}: 'void java.lang.invoke.DirectMethodHandle$Holder.invokeSpecial(java.lang.Object, java.lang.Object, int)'> (0x00000000a464dea0) 
thrown [s\open\src\hotspot\share\interpreter\linkResolver.cpp, line 805]
Event: 153.493 Thread 0x000002bba55329c0 Exception <a 'java/lang/NoSuchMethodError'{0x00000000a4659f98}: 'void java.lang.invoke.Invokers$Holder.invokeExact_MT(java.lang.Object, int, java.lang.Object)'> (0x00000000a4659f98) 
thrown [s\open\src\hotspot\share\interpreter\linkResolver.cpp, line 805]
Event: 153.528 Thread 0x000002bba55329c0 Exception <a 'java/lang/NoSuchMethodError'{0x00000000a46743b0}: 'void java.lang.invoke.DirectMethodHandle$Holder.invokeStatic(java.lang.Object, java.lang.Object, int)'> (0x00000000a46743b0) 
thrown [s\open\src\hotspot\share\interpreter\linkResolver.cpp, line 805]
Event: 153.551 Thread 0x000002bba55329c0 Exception <a 'sun/nio/fs/WindowsException'{0x00000000a46af588}> (0x00000000a46af588) 
thrown [s\open\src\hotspot\share\prims\jni.cpp, line 518]
Event: 153.558 Thread 0x000002bba55329c0 Exception <a 'sun/nio/fs/WindowsException'{0x00000000a46bc1b0}> (0x00000000a46bc1b0) 
thrown [s\open\src\hotspot\share\prims\jni.cpp, line 518]
Event: 153.574 Thread 0x000002bba55329c0 Exception <a 'sun/nio/fs/WindowsException'{0x00000000a46cdeb0}> (0x00000000a46cdeb0) 
thrown [s\open\src\hotspot\share\prims\jni.cpp, line 518]

VM Operations (20 events):
Event: 81.601 Executing VM operation: G1PauseCleanup
Event: 81.604 Executing VM operation: G1PauseCleanup done
Event: 95.664 Executing VM operation: G1CollectForAllocation (G1 Evacuation Pause)
Event: 95.667 Executing VM operation: G1CollectForAllocation (G1 Evacuation Pause) done
Event: 102.737 Executing VM operation: G1CollectForAllocation (G1 Evacuation Pause)
Event: 102.740 Executing VM operation: G1CollectForAllocation (G1 Evacuation Pause) done
Event: 108.587 Executing VM operation: HandshakeAllThreads (Deoptimize)
Event: 108.587 Executing VM operation: HandshakeAllThreads (Deoptimize) done
Event: 108.607 Executing VM operation: HandshakeAllThreads (Deoptimize)
Event: 108.607 Executing VM operation: HandshakeAllThreads (Deoptimize) done
Event: 108.625 Executing VM operation: HandshakeAllThreads (Deoptimize)
Event: 108.625 Executing VM operation: HandshakeAllThreads (Deoptimize) done
Event: 120.241 Executing VM operation: HandshakeAllThreads (HandshakeForDeflation)
Event: 120.241 Executing VM operation: HandshakeAllThreads (HandshakeForDeflation) done
Event: 120.241 Executing VM operation: RendezvousGCThreads
Event: 120.241 Executing VM operation: RendezvousGCThreads done
Event: 153.618 Executing VM operation: JFRSafepointClear
Event: 153.618 Executing VM operation: JFRSafepointClear done
Event: 153.643 Executing VM operation: HandshakeAllThreads (Deoptimize)
Event: 153.644 Executing VM operation: HandshakeAllThreads (Deoptimize) done

Memory protections (0 events):
No events

Nmethod flushes (0 events):
No events

Events (20 events):
Event: 53.704 Thread 0x000002bbec3108a0 Thread exited: 0x000002bbec3108a0
Event: 53.970 Thread 0x000002bba55f79b0 Thread exited: 0x000002bba55f79b0
Event: 54.448 Thread 0x000002bbeb52a500 Thread exited: 0x000002bbeb52a500
Event: 60.870 Thread 0x000002bbeb557fd0 Thread added: 0x000002bbec30eb60
Event: 71.899 Thread 0x000002bba5546010 Thread added: 0x000002bbec9ca490
Event: 72.259 Thread 0x000002bbec9ca490 Thread exited: 0x000002bbec9ca490
Event: 74.235 Thread 0x000002bba5942e10 Thread added: 0x000002bbec3125e0
Event: 74.284 Thread 0x000002bba5942e10 Thread added: 0x000002bbec30fa00
Event: 79.314 Thread 0x000002bbec3125e0 Thread exited: 0x000002bbec3125e0
Event: 107.783 Thread 0x000002bbec30fa00 Thread exited: 0x000002bbec30fa00
Event: 108.583 Thread 0x000002bba5942e10 Thread added: 0x000002bbec310ff0
Event: 108.672 Thread 0x000002bba55667b0 Thread added: 0x000002bbeb43a4c0
Event: 109.723 Thread 0x000002bbeb43a4c0 Thread exited: 0x000002bbeb43a4c0
Event: 110.600 Thread 0x000002bba5942e10 Thread added: 0x000002bbec3108a0
Event: 117.752 Thread 0x000002bbec3108a0 Thread exited: 0x000002bbec3108a0
Event: 117.779 Thread 0x000002bbec310ff0 Thread exited: 0x000002bbec310ff0
Event: 135.901 Thread 0x000002bbec30eb60 Thread exited: 0x000002bbec30eb60
Event: 153.286 Thread 0x000002bba55667b0 Thread added: 0x000002bbf250f6a0
Event: 153.313 Thread 0x000002bba55329c0 Thread added: 0x000002bbec30fa00
Event: 153.539 Thread 0x000002bba55329c0 Thread added: 0x000002bbec30eb60


Dynamic libraries:
0x00007ff740850000 - 0x00007ff740860000 	C:\Program Files\Java\jdk-24\bin\java.exe
0x00007ffb95340000 - 0x00007ffb955a6000 	C:\WINDOWS\SYSTEM32\ntdll.dll
0x00007ffb93340000 - 0x00007ffb93409000 	C:\WINDOWS\System32\KERNEL32.DLL
0x00007ffb92900000 - 0x00007ffb92ccc000 	C:\WINDOWS\System32\KERNELBASE.dll
0x00007ffb8f0f0000 - 0x00007ffb8f18e000 	C:\WINDOWS\SYSTEM32\apphelp.dll
0x00007ffb927b0000 - 0x00007ffb928fb000 	C:\WINDOWS\System32\ucrtbase.dll
0x00007ffb82cc0000 - 0x00007ffb82cd6000 	C:\Program Files\Java\jdk-24\bin\jli.dll
0x00007ffb82ca0000 - 0x00007ffb82cbb000 	C:\Program Files\Java\jdk-24\bin\VCRUNTIME140.dll
0x00007ffb94cc0000 - 0x00007ffb94e8a000 	C:\WINDOWS\System32\USER32.dll
0x00007ffb924d0000 - 0x00007ffb924f7000 	C:\WINDOWS\System32\win32u.dll
0x00007ffb93be0000 - 0x00007ffb93c0b000 	C:\WINDOWS\System32\GDI32.dll
0x00007ffb7d3d0000 - 0x00007ffb7d66a000 	C:\WINDOWS\WinSxS\amd64_microsoft.windows.common-controls_6595b64144ccf1df_6.0.26100.3912_none_3e07963ce335137e\COMCTL32.dll
0x00007ffb94e90000 - 0x00007ffb94f39000 	C:\WINDOWS\System32\msvcrt.dll
0x00007ffb92e50000 - 0x00007ffb92f82000 	C:\WINDOWS\System32\gdi32full.dll
0x00007ffb92f90000 - 0x00007ffb93033000 	C:\WINDOWS\System32\msvcp_win.dll
0x00007ffb93190000 - 0x00007ffb931c0000 	C:\WINDOWS\System32\IMM32.DLL
0x00007ffb8c260000 - 0x00007ffb8c26c000 	C:\Program Files\Java\jdk-24\bin\vcruntime140_1.dll
0x00007ffb801e0000 - 0x00007ffb8026e000 	C:\Program Files\Java\jdk-24\bin\msvcp140.dll
0x00007ffb440f0000 - 0x00007ffb44e92000 	C:\Program Files\Java\jdk-24\bin\server\jvm.dll
0x00007ffb93cd0000 - 0x00007ffb93d82000 	C:\WINDOWS\System32\ADVAPI32.dll
0x00007ffb93610000 - 0x00007ffb936b6000 	C:\WINDOWS\System32\sechost.dll
0x00007ffb94b20000 - 0x00007ffb94c36000 	C:\WINDOWS\System32\RPCRT4.dll
0x00007ffb94c40000 - 0x00007ffb94cb4000 	C:\WINDOWS\System32\WS2_32.dll
0x00007ffb92340000 - 0x00007ffb9239e000 	C:\WINDOWS\SYSTEM32\POWRPROF.dll
0x00007ffb877c0000 - 0x00007ffb877f6000 	C:\WINDOWS\SYSTEM32\WINMM.dll
0x00007ffb89f50000 - 0x00007ffb89f5b000 	C:\WINDOWS\SYSTEM32\VERSION.dll
0x00007ffb92320000 - 0x00007ffb92334000 	C:\WINDOWS\SYSTEM32\UMPDC.dll
0x00007ffb91290000 - 0x00007ffb912aa000 	C:\WINDOWS\SYSTEM32\kernel.appcore.dll
0x00007ffb8b380000 - 0x00007ffb8b38a000 	C:\Program Files\Java\jdk-24\bin\jimage.dll
0x00007ffb8ff20000 - 0x00007ffb90161000 	C:\WINDOWS\SYSTEM32\DBGHELP.DLL
0x00007ffb94f60000 - 0x00007ffb952e4000 	C:\WINDOWS\System32\combase.dll
0x00007ffb947a0000 - 0x00007ffb94880000 	C:\WINDOWS\System32\OLEAUT32.dll
0x00007ffb70b80000 - 0x00007ffb70bb9000 	C:\WINDOWS\SYSTEM32\dbgcore.DLL
0x00007ffb92680000 - 0x00007ffb92719000 	C:\WINDOWS\System32\bcryptPrimitives.dll
0x00007ffb8b270000 - 0x00007ffb8b27f000 	C:\Program Files\Java\jdk-24\bin\instrument.dll
0x00007ffb82380000 - 0x00007ffb8239e000 	C:\Program Files\Java\jdk-24\bin\java.dll
0x00007ffb93e10000 - 0x00007ffb93faf000 	C:\WINDOWS\System32\ole32.dll
0x00007ffb94010000 - 0x00007ffb9473d000 	C:\WINDOWS\System32\SHELL32.dll
0x00007ffb92500000 - 0x00007ffb92674000 	C:\WINDOWS\System32\wintypes.dll
0x00007ffb90180000 - 0x00007ffb909d6000 	C:\WINDOWS\SYSTEM32\windows.storage.dll
0x00007ffb93410000 - 0x00007ffb934ff000 	C:\WINDOWS\System32\SHCORE.dll
0x00007ffb94ab0000 - 0x00007ffb94b19000 	C:\WINDOWS\System32\shlwapi.dll
0x00007ffb923b0000 - 0x00007ffb923df000 	C:\WINDOWS\SYSTEM32\profapi.dll
0x00007ffb80100000 - 0x00007ffb801d7000 	C:\Program Files\Java\jdk-24\bin\jsvml.dll
0x00007ffb815c0000 - 0x00007ffb815d7000 	C:\Program Files\Java\jdk-24\bin\zip.dll
0x00007ffb86f90000 - 0x00007ffb86fa0000 	C:\Program Files\Java\jdk-24\bin\net.dll
0x00007ffb91800000 - 0x00007ffb9186a000 	C:\WINDOWS\system32\mswsock.dll
0x00007ffb80b20000 - 0x00007ffb80b36000 	C:\Program Files\Java\jdk-24\bin\nio.dll
0x00007ffb86f40000 - 0x00007ffb86f49000 	C:\Program Files\Java\jdk-24\bin\extnet.dll
0x00007ffb7ff80000 - 0x00007ffb800ff000 	C:\Program Files\Java\jdk-24\bin\awt.dll
0x00007ffb8f410000 - 0x00007ffb8f4bf000 	C:\WINDOWS\system32\uxtheme.dll
0x00007ffb931d0000 - 0x00007ffb9332f000 	C:\WINDOWS\System32\MSCTF.dll
0x00007ffb90d60000 - 0x00007ffb90e87000 	C:\WINDOWS\SYSTEM32\DNSAPI.dll
0x00007ffb90cd0000 - 0x00007ffb90d03000 	C:\WINDOWS\SYSTEM32\IPHLPAPI.DLL
0x00007ffb952f0000 - 0x00007ffb952fa000 	C:\WINDOWS\System32\NSI.dll
0x00007ffb874f0000 - 0x00007ffb874fb000 	C:\Windows\System32\rasadhlp.dll
0x00007ffb89f60000 - 0x00007ffb89fe6000 	C:\WINDOWS\System32\fwpuclnt.dll
0x00007ffb84630000 - 0x00007ffb8463a000 	C:\Program Files\Java\jdk-24\bin\management.dll
0x00007ffb82d60000 - 0x00007ffb82d6b000 	C:\Program Files\Java\jdk-24\bin\management_ext.dll
0x00007ffb93cc0000 - 0x00007ffb93cc8000 	C:\WINDOWS\System32\PSAPI.DLL
0x00007ffb8f9b0000 - 0x00007ffb8f9e6000 	C:\WINDOWS\system32\DWMAPI.DLL
0x00007ffb7fb10000 - 0x00007ffb7fb97000 	C:\Program Files\Java\jdk-24\bin\freetype.dll
0x00007ffb91ab0000 - 0x00007ffb91acc000 	C:\WINDOWS\SYSTEM32\CRYPTSP.dll
0x00007ffb911f0000 - 0x00007ffb9122a000 	C:\WINDOWS\system32\rsaenh.dll
0x00007ffb918a0000 - 0x00007ffb918cb000 	C:\WINDOWS\SYSTEM32\USERENV.dll
0x00007ffb7f7a0000 - 0x00007ffb7f877000 	C:\Program Files\Java\jdk-24\bin\fontmanager.dll
0x00007ffb923f0000 - 0x00007ffb92416000 	C:\WINDOWS\SYSTEM32\bcrypt.dll
0x00007ffb91aa0000 - 0x00007ffb91aac000 	C:\WINDOWS\SYSTEM32\CRYPTBASE.dll
0x00007ffb8f260000 - 0x00007ffb8f278000 	C:\WINDOWS\system32\napinsp.dll
0x00007ffb8b3e0000 - 0x00007ffb8b3f2000 	C:\WINDOWS\System32\winrnr.dll
0x00007ffb5f890000 - 0x00007ffb5f8c0000 	C:\WINDOWS\system32\nlansp_c.dll
0x00007ffb68600000 - 0x00007ffb68616000 	C:\WINDOWS\system32\wshbth.dll
0x00007ffb2ff00000 - 0x00007ffb3000c000 	C:\WINDOWS\system32\opengl32.dll
0x00007ffb6a080000 - 0x00007ffb6a0ad000 	C:\WINDOWS\SYSTEM32\GLU32.dll
0x00007ffb8f580000 - 0x00007ffb8f5c7000 	C:\WINDOWS\SYSTEM32\dxcore.dll
0x00007ffb2fd40000 - 0x00007ffb2fef5000 	C:\WINDOWS\system32\d3d9.dll
0x00007ffb87800000 - 0x00007ffb879d8000 	C:\WINDOWS\System32\DriverStore\FileRepository\u0354259.inf_amd64_9c1fcd1df26ce806\B354183\aticfx64.dll
0x00007ffb80ae0000 - 0x00007ffb80b11000 	C:\WINDOWS\System32\DriverStore\FileRepository\u0354259.inf_amd64_9c1fcd1df26ce806\B354183\atiu9p64.dll
0x00007ffb41790000 - 0x00007ffb423fa000 	C:\WINDOWS\System32\DriverStore\FileRepository\u0354259.inf_amd64_9c1fcd1df26ce806\B354183\atiumd64.dll
0x0000000076d00000 - 0x0000000077aa5000 	C:\WINDOWS\System32\DriverStore\FileRepository\u0354259.inf_amd64_9c1fcd1df26ce806\B354183\atiumd6a.dll
0x00007ffb83960000 - 0x00007ffb8398e000 	C:\WINDOWS\SYSTEM32\amdihk64.dll
0x00007ffb8f5d0000 - 0x00007ffb8f630000 	C:\WINDOWS\SYSTEM32\directxdatabasehelper.dll
0x00007ffb79ec0000 - 0x00007ffb79f0e000 	C:\WINDOWS\SYSTEM32\pdh.dll
0x00007ffb93c10000 - 0x00007ffb93cb8000 	C:\WINDOWS\System32\clbcatq.dll
0x00007ffb8cbe0000 - 0x00007ffb8ce1a000 	C:\WINDOWS\SYSTEM32\WindowsCodecs.dll
0x00007ffb65520000 - 0x00007ffb6557a000 	C:\WINDOWS\system32\dataexchange.dll
0x00007ffb840e0000 - 0x00007ffb8431c000 	C:\WINDOWS\system32\twinapi.appcore.dll
0x00007ffb83f40000 - 0x00007ffb8408d000 	C:\WINDOWS\SYSTEM32\textinputframework.dll
0x00007ffb8e9a0000 - 0x00007ffb8eac6000 	C:\WINDOWS\SYSTEM32\CoreMessaging.dll
0x00007ffb891c0000 - 0x00007ffb894a3000 	C:\WINDOWS\SYSTEM32\CoreUIComponents.dll
0x00007ffb82a50000 - 0x00007ffb82a62000 	C:\WINDOWS\System32\perfproc.dll
0x00007ffb75b80000 - 0x00007ffb75c69000 	C:\Users\garci\AppData\Local\Temp\sqlite-3.41.2.1-1418f774-c9db-4a1c-94a7-ef3ed8e9bb8d-sqlitejdbc.dll
0x00007ffb80a10000 - 0x00007ffb80a3e000 	C:\Program Files\Java\jdk-24\bin\javajpeg.dll
0x00007ffb79270000 - 0x00007ffb79324000 	C:\WINDOWS\WinSxS\amd64_microsoft.windows.common-controls_6595b64144ccf1df_5.82.26100.1882_none_87f34cef7a28f535\comctl32.dll
0x00007ffb8b7a0000 - 0x00007ffb8b89c000 	C:\WINDOWS\SYSTEM32\PROPSYS.dll
0x00007ffb92020000 - 0x00007ffb92077000 	C:\WINDOWS\SYSTEM32\CFGMGR32.dll
0x00007ffb35ce0000 - 0x00007ffb35cfb000 	C:\WINDOWS\system32\NetworkExplorer.dll
0x00007ffb7bb30000 - 0x00007ffb7bb51000 	C:\WINDOWS\SYSTEM32\MPR.dll
0x00007ffb5f4d0000 - 0x00007ffb5f4f8000 	C:\WINDOWS\System32\p9np.dll
0x00007ffb5f490000 - 0x00007ffb5f49d000 	C:\WINDOWS\System32\drprov.dll
0x00007ffb5f470000 - 0x00007ffb5f48d000 	C:\WINDOWS\System32\ntlanman.dll
0x00007ffb5f440000 - 0x00007ffb5f461000 	C:\WINDOWS\System32\davclnt.dll
0x00007ffb92270000 - 0x00007ffb922d7000 	C:\WINDOWS\System32\WINSTA.dll
0x00007ffb8afb0000 - 0x00007ffb8afcb000 	C:\WINDOWS\System32\wkscli.dll
0x00007ffb64800000 - 0x00007ffb64813000 	C:\WINDOWS\SYSTEM32\cscapi.dll
0x00007ffb90cc0000 - 0x00007ffb90ccd000 	C:\WINDOWS\System32\netutils.dll
0x00007ffb36500000 - 0x00007ffb3655a000 	C:\Windows\System32\dlnashext.dll
0x00007ffb7f590000 - 0x00007ffb7f5ec000 	C:\Windows\System32\PlayToDevice.dll
0x00007ffb75950000 - 0x00007ffb75972000 	C:\Windows\System32\DevDispItemProvider.dll
0x00007ffb894f0000 - 0x00007ffb8958a000 	C:\WINDOWS\System32\MMDevApi.dll
0x00007ffb7bbd0000 - 0x00007ffb7bbed000 	C:\WINDOWS\SYSTEM32\deviceassociation.dll
0x00007ffb91ff0000 - 0x00007ffb9201d000 	C:\WINDOWS\System32\DEVOBJ.dll
0x00007ffb75ad0000 - 0x00007ffb75b7b000 	C:\WINDOWS\system32\wpdshext.dll
0x00007ffb77430000 - 0x00007ffb77607000 	C:\WINDOWS\WinSxS\amd64_microsoft.windows.gdiplus_6595b64144ccf1df_1.1.26100.3912_none_6ef289223dc78d4c\gdiplus.dll
0x00007ffb8e120000 - 0x00007ffb8e1be000 	C:\Windows\System32\PortableDeviceApi.dll
0x00007ffb936c0000 - 0x00007ffb93b46000 	C:\WINDOWS\System32\SETUPAPI.dll
0x00007ffb92720000 - 0x00007ffb927a0000 	C:\WINDOWS\System32\WINTRUST.dll
0x00007ffb92cd0000 - 0x00007ffb92e47000 	C:\WINDOWS\System32\CRYPT32.dll
0x00007ffb91bc0000 - 0x00007ffb91bd3000 	C:\WINDOWS\SYSTEM32\MSASN1.dll
0x00007ffb62c10000 - 0x00007ffb62c48000 	C:\Windows\System32\EhStorShell.dll
0x00007ffb809e0000 - 0x00007ffb80a05000 	C:\Windows\System32\EhStorAPI.dll
0x00007ffb8f1b0000 - 0x00007ffb8f1c6000 	C:\Windows\System32\WTSAPI32.dll
0x00007ffb63dc0000 - 0x00007ffb63dcf000 	C:\WINDOWS\SYSTEM32\LINKINFO.dll
0x00007ffb708b0000 - 0x00007ffb70a30000 	C:\Windows\System32\Windows.System.Launcher.dll
0x00007ffb86ad0000 - 0x00007ffb86aea000 	C:\WINDOWS\SYSTEM32\windows.staterepositorycore.dll
0x00007ffb41590000 - 0x00007ffb41788000 	C:\Users\garci\AppData\Local\Temp\idea_libasyncProfiler_dll_temp_folder\libasyncProfiler.dll

JVMTI agents:
C:\Program Files\JetBrains\IntelliJ IDEA 2025.1.1.1\lib\idea_rt.jar path:C:\Program Files\Java\jdk-24\bin\instrument.dll, loaded, initialized, instrumentlib options:54678

dbghelp: loaded successfully - version: 4.0.5 - missing functions: none
symbol engine: initialized successfully - sym options: 0x614 - pdb path: .;C:\Program Files\Java\jdk-24\bin;C:\WINDOWS\SYSTEM32;C:\WINDOWS\WinSxS\amd64_microsoft.windows.common-controls_6595b64144ccf1df_6.0.26100.3912_none_3e07963ce335137e;C:\Program Files\Java\jdk-24\bin\server;C:\WINDOWS\System32\DriverStore\FileRepository\u0354259.inf_amd64_9c1fcd1df26ce806\B354183;C:\Users\garci\AppData\Local\Temp;C:\WINDOWS\WinSxS\amd64_microsoft.windows.common-controls_6595b64144ccf1df_5.82.26100.1882_none_87f34cef7a28f535;C:\WINDOWS\WinSxS\amd64_microsoft.windows.gdiplus_6595b64144ccf1df_1.1.26100.3912_none_6ef289223dc78d4c;C:\Users\garci\AppData\Local\Temp\idea_libasyncProfiler_dll_temp_folder

VM Arguments:
jvm_args: -javaagent:C:\Program Files\JetBrains\IntelliJ IDEA 2025.1.1.1\lib\idea_rt.jar=54678 -Dfile.encoding=UTF-8 -Dsun.stdout.encoding=UTF-8 -Dsun.stderr.encoding=UTF-8 
java_command: vista.MainFrame
java_class_path (initial): C:\Users\garci\IdeaProjects\POS\target\classes;C:\Users\garci\.m2\repository\org\xerial\sqlite-jdbc\3.41.2.1\sqlite-jdbc-3.41.2.1.jar
Launcher Type: SUN_STANDARD

[Global flags]
     intx CICompilerCount                          = 3                                         {product} {ergonomic}
     uint ConcGCThreads                            = 1                                         {product} {ergonomic}
     bool FlightRecorder                           = true                                      {product} {management}
     uint G1ConcRefinementThreads                  = 4                                         {product} {ergonomic}
   size_t G1HeapRegionSize                         = 1048576                                   {product} {ergonomic}
   size_t InitialHeapSize                          = 100663296                                 {product} {ergonomic}
   size_t MarkStackSize                            = 4194304                                   {product} {ergonomic}
   size_t MarkStackSizeMax                         = 536870912                                 {product} {ergonomic}
   size_t MaxHeapSize                              = 1579155456                                {product} {ergonomic}
   size_t MaxNewSize                               = 946864128                                 {product} {ergonomic}
   size_t MinHeapDeltaBytes                        = 1048576                                   {product} {ergonomic}
   size_t MinHeapSize                              = 8388608                                   {product} {ergonomic}
    uintx NonNMethodCodeHeapSize                   = 5832704                                {pd product} {ergonomic}
    uintx NonProfiledCodeHeapSize                  = 122945536                              {pd product} {ergonomic}
    uintx ProfiledCodeHeapSize                     = 122880000                              {pd product} {ergonomic}
    uintx ReservedCodeCacheSize                    = 251658240                              {pd product} {ergonomic}
     bool SegmentedCodeCache                       = true                                      {product} {ergonomic}
   size_t SoftMaxHeapSize                          = 1579155456                             {manageable} {ergonomic}
     bool UseCompressedOops                        = true                           {product lp64_product} {ergonomic}
     bool UseG1GC                                  = true                                      {product} {ergonomic}
     bool UseLargePagesIndividualAllocation        = false                                  {pd product} {ergonomic}

Logging:
Log output configuration:
 #0: stdout all=warning uptime,level,tags foldmultilines=false
 #1: stderr all=off uptime,level,tags foldmultilines=false

Environment Variables:
PATH=C:\Program Files (x86)\Microsoft\Edge\Application;C:\Program Files\Common Files\Oracle\Java\javapath;C:\WINDOWS\system32;C:\WINDOWS;C:\WINDOWS\System32\Wbem;C:\WINDOWS\System32\WindowsPowerShell\v1.0\;C:\WINDOWS\System32\OpenSSH\;C:\Program Files\Microsoft SQL Server\Client SDK\ODBC\170\Tools\Binn\;C:\Program Files\Microsoft SQL Server\150\Tools\Binn\;C:\Program Files\dotnet\;C:\Program Files (x86)\Windows Kits\10\Windows Performance Toolkit\;C:\Users\garci\AppData\Local\Microsoft\WindowsApps;C:\Users\garci\.dotnet\tools;C:\Users\garci\AppData\Local\GitHubDesktop\bin
USERNAME=joahan garcia
OS=Windows_NT
PROCESSOR_IDENTIFIER=AMD64 Family 23 Model 24 Stepping 1, AuthenticAMD
TMP=C:\Users\garci\AppData\Local\Temp
TEMP=C:\Users\garci\AppData\Local\Temp




Periodic native trim disabled

---------------  S Y S T E M  ---------------

OS:
 Windows 11 , 64 bit Build 26100 (10.0.26100.3912)
OS uptime: 0 days 4:20 hours

CPU: total 4 (initial active 4) (4 cores per cpu, 2 threads per core) family 23 model 24 stepping 1 microcode 0x8108102, cx8, cmov, fxsr, ht, mmx, 3dnowpref, sse, sse2, sse3, ssse3, sse4a, sse4.1, sse4.2, popcnt, lzcnt, tsc, tscinvbit, avx, avx2, aes, clmul, bmi1, bmi2, adx, sha, fma, vzeroupper, clflush, clflushopt, rdtscp, f16c
Processor Information for the first 4 processors :
  Max Mhz: 2600, Current Mhz: 2600, Mhz Limit: 2600

Memory: 4k page, system-wide physical 6020M (834M free)
TotalPageFile size 10628M (AvailPageFile size 1868M)
current process WorkingSet (physical memory assigned to process): 221M, peak: 221M
current process commit charge ("private bytes"): 273M, peak: 282M

vm_info: Java HotSpot(TM) 64-Bit Server VM (24.0.1+9-30) for windows-amd64 JRE (24.0.1+9-30), built on 2025-03-05T07:23:45Z with MS VC++ 17.6 (VS2022)

END.
